#
# There is insufficient memory for the Java Runtime Environment to continue.
# Native memory allocation (malloc) failed to allocate 1304816 bytes for Chunk::new
# Possible reasons:
#   The system is out of physical RAM or swap space
#   The process is running with CompressedOops enabled, and the Java Heap may be blocking the growth of the native heap
# Possible solutions:
#   Reduce memory load on the system
#   Increase physical memory or swap space
#   Check if swap backing store is full
#   Decrease Java heap size (-Xmx/-Xms)
#   Decrease number of Java threads
#   Decrease Java thread stack sizes (-Xss)
#   Set larger code cache with -XX:ReservedCodeCacheSize=
#   JVM is running with Unscaled Compressed Oops mode in which the Java heap is
#     placed in the first 4GB address space. The Java Heap base address is the
#     maximum limit for the native heap growth. Please use -XX:HeapBaseMinAddress
#     to set the Java Heap base and to place the Java Heap above 4GB virtual address.
# This output file may be truncated or incomplete.
#
#  Out of Memory Error (allocation.cpp:389), pid=15128, tid=0x0000000000003f40
#
# JRE version: Java(TM) SE Runtime Environment (8.0_231-b11) (build 1.8.0_231-b11)
# Java VM: Java HotSpot(TM) 64-Bit Server VM (25.231-b11 mixed mode windows-amd64 compressed oops)
# Failed to write core dump. Minidumps are not enabled by default on client versions of Windows
#

---------------  T H R E A D  ---------------

Current thread (0x0000000015fce000):  JavaThread "C2 CompilerThread1" daemon [_thread_in_native, id=16192, stack(0x00000000169b0000,0x0000000016ab0000)]

Stack: [0x00000000169b0000,0x0000000016ab0000]
[error occurred during error reporting (printing stack bounds), id 0xc0000005]

Native frames: (J=compiled Java code, j=interpreted, Vv=VM code, C=native code)


Current CompileTask:
C2:3648940 15249  s    4       org.gradle.api.internal.artifacts.configurations.DefaultConfiguration::initAllArtifacts (241 bytes)


---------------  P R O C E S S  ---------------

Java Threads: ( => current thread )
  0x000000001e736800 JavaThread "Cache worker for Build Output Cleanup Cache (C:\Users\mbmir\OneDrive\Documentos\web e mobile\mobile\Finans\android\.gradle\buildOutputCleanup)" [_thread_blocked, id=15764, stack(0x0000000020740000,0x0000000020840000)]
  0x000000001e738000 JavaThread "pool-3-thread-1" [_thread_blocked, id=13768, stack(0x0000000020640000,0x0000000020740000)]
  0x000000001b925800 JavaThread "Build operations Thread 8" [_thread_blocked, id=16492, stack(0x0000000020540000,0x0000000020640000)]
  0x000000001b924800 JavaThread "Build operations Thread 7" [_thread_blocked, id=4124, stack(0x0000000020240000,0x0000000020340000)]
  0x000000001b923000 JavaThread "Build operations Thread 6" [_thread_blocked, id=13928, stack(0x000000001fd40000,0x000000001fe40000)]
  0x000000001b922800 JavaThread "Build operations Thread 5" [_thread_blocked, id=8616, stack(0x000000001fc40000,0x000000001fd40000)]
  0x000000001b921800 JavaThread "Build operations Thread 4" [_thread_blocked, id=14068, stack(0x000000001f890000,0x000000001f990000)]
  0x000000001b924000 JavaThread "Build operations Thread 3" [_thread_blocked, id=16472, stack(0x000000001f790000,0x000000001f890000)]
  0x000000001b921000 JavaThread "Build operations Thread 2" [_thread_blocked, id=1356, stack(0x000000001f690000,0x000000001f790000)]
  0x000000001b919800 JavaThread "Build operations" [_thread_blocked, id=16312, stack(0x000000001f590000,0x000000001f690000)]
  0x000000001b91a000 JavaThread "Cache worker for cache directory md-rule (C:\Users\mbmir\.gradle\caches\6.2\md-rule)" [_thread_blocked, id=16432, stack(0x000000001f490000,0x000000001f590000)]
  0x000000001b91f800 JavaThread "Cache worker for cache directory md-supplier (C:\Users\mbmir\.gradle\caches\6.2\md-supplier)" [_thread_blocked, id=12188, stack(0x000000001dd90000,0x000000001de90000)]
  0x000000001b91e800 JavaThread "Cache worker for file hash cache (C:\Users\mbmir\OneDrive\Documentos\web e mobile\mobile\Finans\android\.gradle\6.2\fileHashes)" [_thread_blocked, id=2792, stack(0x000000001c7c0000,0x000000001c8c0000)]
  0x000000001b91b800 JavaThread "Cache worker for checksums cache (C:\Users\mbmir\OneDrive\Documentos\web e mobile\mobile\Finans\android\.gradle\checksums)" [_thread_blocked, id=1588, stack(0x000000001c4c0000,0x000000001c5c0000)]
  0x000000001b91d000 JavaThread "Thread-74" [_thread_blocked, id=7672, stack(0x000000001c1c0000,0x000000001c2c0000)]
  0x000000001b920000 JavaThread "Stdin handler" [_thread_blocked, id=9748, stack(0x000000001c0c0000,0x000000001c1c0000)]
  0x000000001b91c800 JavaThread "Asynchronous log dispatcher for DefaultDaemonConnection: socket connection from /127.0.0.1:53467 to /127.0.0.1:54228" [_thread_blocked, id=14880, stack(0x000000001a5f0000,0x000000001a6f0000)]
  0x000000001b917000 JavaThread "Daemon worker Thread 3" [_thread_in_native, id=14452, stack(0x000000001a4f0000,0x000000001a5f0000)]
  0x000000001b91b000 JavaThread "Cancel handler" [_thread_blocked, id=4996, stack(0x000000001a3f0000,0x000000001a4f0000)]
  0x000000001b91e000 JavaThread "Handler for socket connection from /127.0.0.1:53467 to /127.0.0.1:54228" [_thread_in_native, id=15196, stack(0x000000001a0f0000,0x000000001a1f0000)]
  0x000000001b918800 JavaThread "Daemon Thread 3" [_thread_blocked, id=16848, stack(0x0000000019ff0000,0x000000001a0f0000)]
  0x000000001e739000 JavaThread "AWT-Windows" daemon [_thread_in_native, id=7988, stack(0x0000000025220000,0x0000000025320000)]
  0x000000001e737800 JavaThread "Java2D Disposer" daemon [_thread_blocked, id=10956, stack(0x0000000025020000,0x0000000025120000)]
  0x000000001e732000 JavaThread "Device List Monitor" [_thread_in_native, id=12084, stack(0x0000000024d20000,0x0000000024e20000)]
  0x0000000018afe000 JavaThread "Monitor" [_thread_in_native, id=16732, stack(0x0000000000d40000,0x0000000000e40000)]
  0x000000001b926000 JavaThread "Cache worker for file content cache (C:\Users\mbmir\.gradle\caches\6.2\fileContent)" [_thread_blocked, id=11900, stack(0x0000000022310000,0x0000000022410000)]
  0x000000001b918000 JavaThread "Memory manager" [_thread_blocked, id=15336, stack(0x0000000022210000,0x0000000022310000)]
  0x0000000018afc800 JavaThread "Cache worker for execution history cache (C:\Users\mbmir\.gradle\caches\6.2\executionHistory)" [_thread_blocked, id=4576, stack(0x000000001c8c0000,0x000000001c9c0000)]
  0x0000000018af8000 JavaThread "Cache worker for file hash cache (C:\Users\mbmir\.gradle\caches\6.2\fileHashes)" [_thread_blocked, id=14548, stack(0x000000001adf0000,0x000000001aef0000)]
  0x0000000018afe800 JavaThread "File lock request listener" [_thread_in_native, id=14624, stack(0x000000001acf0000,0x000000001adf0000)]
  0x0000000018af9800 JavaThread "Cache worker for journal cache (C:\Users\mbmir\.gradle\caches\journal-1)" [_thread_blocked, id=14684, stack(0x000000001abf0000,0x000000001acf0000)]
  0x0000000018990800 JavaThread "Daemon periodic checks" [_thread_blocked, id=10040, stack(0x0000000019ef0000,0x0000000019ff0000)]
  0x000000001898e800 JavaThread "Incoming local TCP Connector on port 53467" [_thread_in_native, id=13636, stack(0x0000000019c90000,0x0000000019d90000)]
  0x00000000188cb000 JavaThread "Daemon health stats" [_thread_blocked, id=14316, stack(0x0000000019650000,0x0000000019750000)]
  0x0000000016060000 JavaThread "Service Thread" daemon [_thread_blocked, id=15340, stack(0x0000000016cb0000,0x0000000016db0000)]
  0x0000000015fd8000 JavaThread "C1 CompilerThread3" daemon [_thread_blocked, id=16264, stack(0x0000000016bb0000,0x0000000016cb0000)]
  0x0000000015fd2000 JavaThread "C2 CompilerThread2" daemon [_thread_blocked, id=7404, stack(0x0000000016ab0000,0x0000000016bb0000)]
=>0x0000000015fce000 JavaThread "C2 CompilerThread1" daemon [_thread_in_native, id=16192, stack(0x00000000169b0000,0x0000000016ab0000)]
  0x0000000015fca000 JavaThread "C2 CompilerThread0" daemon [_thread_blocked, id=10020, stack(0x00000000168b0000,0x00000000169b0000)]
  0x0000000015fc8800 JavaThread "Attach Listener" daemon [_thread_blocked, id=15704, stack(0x00000000167b0000,0x00000000168b0000)]
  0x00000000141ee800 JavaThread "Signal Dispatcher" daemon [_thread_blocked, id=14736, stack(0x00000000166b0000,0x00000000167b0000)]
  0x0000000002a19000 JavaThread "Finalizer" daemon [_thread_blocked, id=16560, stack(0x00000000164a0000,0x00000000165a0000)]
  0x00000000141dd800 JavaThread "Reference Handler" daemon [_thread_blocked, id=17404, stack(0x00000000163a0000,0x00000000164a0000)]
  0x0000000002922800 JavaThread "main" [_thread_blocked, id=17324, stack(0x0000000002740000,0x0000000002840000)]

Other Threads:
  0x00000000141d9000 VMThread [stack: 0x0000000015ea0000,0x0000000015fa0000] [id=10708]
  0x000000001608a800 WatcherThread [stack: 0x0000000016db0000,0x0000000016eb0000] [id=14120]

VM state:not at safepoint (normal execution)

VM Mutex/Monitor currently owned by a thread: None

heap address: 0x00000000e0000000, size: 512 MB, Compressed Oops mode: 32-bit
Narrow klass base: 0x0000000000000000, Narrow klass shift: 3
Compressed class space size: 1073741824 Address: 0x0000000100000000

Heap:
 PSYoungGen      total 107008K, used 75167K [0x00000000f5580000, 0x00000000ffe80000, 0x0000000100000000)
  eden space 105472K, 69% used [0x00000000f5580000,0x00000000f9d8ee60,0x00000000fbc80000)
  from space 1536K, 89% used [0x00000000fbf00000,0x00000000fc059048,0x00000000fc080000)
  to   space 33792K, 0% used [0x00000000fdd80000,0x00000000fdd80000,0x00000000ffe80000)
 ParOldGen       total 175104K, used 135769K [0x00000000e0000000, 0x00000000eab00000, 0x00000000f5580000)
  object space 175104K, 77% used [0x00000000e0000000,0x00000000e84965f8,0x00000000eab00000)
 Metaspace       used 76598K, capacity 83342K, committed 83456K, reserved 1120256K
  class space    used 10401K, capacity 11724K, committed 11776K, reserved 1048576K

Card table byte_map: [0x0000000011de0000,0x0000000011ef0000] byte_map_base: 0x00000000116e0000

Marking Bits: (ParMarkBitMap*) 0x0000000066766d90
 Begin Bits: [0x00000000126f0000, 0x0000000012ef0000)
 End Bits:   [0x0000000012ef0000, 0x00000000136f0000)

Polling page: 0x0000000000ee0000

CodeCache: size=245760Kb used=41649Kb max_used=41685Kb free=204110Kb
 bounds [0x0000000002a20000, 0x0000000005320000, 0x0000000011a20000]
 total_blobs=13416 nmethods=12562 adapters=764
 compilation: enabled

Compilation events (10 events):
Event: 3648.736 Thread 0x0000000015fd8000 nmethod 15288 0x00000000052e63d0 code [0x00000000052e6560, 0x00000000052e6bb8]
Event: 3648.736 Thread 0x0000000015fd8000 15281       3       com.sun.org.apache.xerces.internal.impl.dtd.XMLEntityDecl::setValues (46 bytes)
Event: 3648.736 Thread 0x0000000015fd8000 nmethod 15281 0x00000000052ebcd0 code [0x00000000052ebe20, 0x00000000052ec010]
Event: 3648.736 Thread 0x0000000015fd8000 15282       3       com.sun.org.apache.xerces.internal.impl.dtd.DTDGrammar::setEntityDecl (151 bytes)
Event: 3648.737 Thread 0x0000000015fd8000 nmethod 15282 0x00000000052ed550 code [0x00000000052ed7a0, 0x00000000052ee688]
Event: 3648.781 Thread 0x0000000015fd2000 nmethod 15284 0x00000000052f4610 code [0x00000000052f4900, 0x00000000052f6f68]
Event: 3648.792 Thread 0x0000000015fd8000 15289       3       org.gradle.internal.component.model.DefaultMultipleCandidateResult::hasResult (20 bytes)
Event: 3648.792 Thread 0x0000000015fd8000 nmethod 15289 0x00000000052f4250 code [0x00000000052f43a0, 0x00000000052f4590]
Event: 3648.793 Thread 0x0000000015fd8000 15290       1       org.gradle.internal.component.local.model.DefaultLocalComponentMetadata$DefaultLocalConfigurationMetadata::isTransitive (5 bytes)
Event: 3648.793 Thread 0x0000000015fd8000 nmethod 15290 0x00000000052e6110 code [0x00000000052e6260, 0x00000000052e6370]

GC Heap History (10 events):
Event: 65.850 GC heap before
{Heap before GC invocations=18 (full 3):
 PSYoungGen      total 150016K, used 132640K [0x00000000f5580000, 0x0000000100000000, 0x0000000100000000)
  eden space 125440K, 100% used [0x00000000f5580000,0x00000000fd000000,0x00000000fd000000)
  from space 24576K, 29% used [0x00000000fe800000,0x00000000fef08040,0x0000000100000000)
  to   space 24576K, 0% used [0x00000000fd000000,0x00000000fd000000,0x00000000fe800000)
 ParOldGen       total 175104K, used 82740K [0x00000000e0000000, 0x00000000eab00000, 0x00000000f5580000)
  object space 175104K, 47% used [0x00000000e0000000,0x00000000e50cd3d8,0x00000000eab00000)
 Metaspace       used 69448K, capacity 74930K, committed 75264K, reserved 1114112K
  class space    used 9758K, capacity 10908K, committed 11008K, reserved 1048576K
Event: 65.859 GC heap after
Heap after GC invocations=18 (full 3):
 PSYoungGen      total 130048K, used 7421K [0x00000000f5580000, 0x00000000ffd00000, 0x0000000100000000)
  eden space 122368K, 0% used [0x00000000f5580000,0x00000000f5580000,0x00000000fcd00000)
  from space 7680K, 96% used [0x00000000fd000000,0x00000000fd73f590,0x00000000fd780000)
  to   space 24576K, 0% used [0x00000000fe500000,0x00000000fe500000,0x00000000ffd00000)
 ParOldGen       total 175104K, used 89162K [0x00000000e0000000, 0x00000000eab00000, 0x00000000f5580000)
  object space 175104K, 50% used [0x00000000e0000000,0x00000000e5712950,0x00000000eab00000)
 Metaspace       used 69448K, capacity 74930K, committed 75264K, reserved 1114112K
  class space    used 9758K, capacity 10908K, committed 11008K, reserved 1048576K
}
Event: 291.366 GC heap before
{Heap before GC invocations=19 (full 3):
 PSYoungGen      total 130048K, used 129789K [0x00000000f5580000, 0x00000000ffd00000, 0x0000000100000000)
  eden space 122368K, 100% used [0x00000000f5580000,0x00000000fcd00000,0x00000000fcd00000)
  from space 7680K, 96% used [0x00000000fd000000,0x00000000fd73f590,0x00000000fd780000)
  to   space 24576K, 0% used [0x00000000fe500000,0x00000000fe500000,0x00000000ffd00000)
 ParOldGen       total 175104K, used 89162K [0x00000000e0000000, 0x00000000eab00000, 0x00000000f5580000)
  object space 175104K, 50% used [0x00000000e0000000,0x00000000e5712950,0x00000000eab00000)
 Metaspace       used 75118K, capacity 81156K, committed 81408K, reserved 1120256K
  class space    used 10280K, capacity 11517K, committed 11520K, reserved 1048576K
Event: 291.381 GC heap after
Heap after GC invocations=19 (full 3):
 PSYoungGen      total 140800K, used 16525K [0x00000000f5580000, 0x00000000ffa00000, 0x0000000100000000)
  eden space 119296K, 0% used [0x00000000f5580000,0x00000000f5580000,0x00000000fca00000)
  from space 21504K, 76% used [0x00000000fe500000,0x00000000ff523708,0x00000000ffa00000)
  to   space 24576K, 0% used [0x00000000fca00000,0x00000000fca00000,0x00000000fe200000)
 ParOldGen       total 175104K, used 95821K [0x00000000e0000000, 0x00000000eab00000, 0x00000000f5580000)
  object space 175104K, 54% used [0x00000000e0000000,0x00000000e5d934c0,0x00000000eab00000)
 Metaspace       used 75118K, capacity 81156K, committed 81408K, reserved 1120256K
  class space    used 10280K, capacity 11517K, committed 11520K, reserved 1048576K
}
Event: 293.861 GC heap before
{Heap before GC invocations=20 (full 3):
 PSYoungGen      total 140800K, used 135821K [0x00000000f5580000, 0x00000000ffa00000, 0x0000000100000000)
  eden space 119296K, 100% used [0x00000000f5580000,0x00000000fca00000,0x00000000fca00000)
  from space 21504K, 76% used [0x00000000fe500000,0x00000000ff523708,0x00000000ffa00000)
  to   space 24576K, 0% used [0x00000000fca00000,0x00000000fca00000,0x00000000fe200000)
 ParOldGen       total 175104K, used 95821K [0x00000000e0000000, 0x00000000eab00000, 0x00000000f5580000)
  object space 175104K, 54% used [0x00000000e0000000,0x00000000e5d934c0,0x00000000eab00000)
 Metaspace       used 75550K, capacity 81610K, committed 81792K, reserved 1120256K
  class space    used 10299K, capacity 11546K, committed 11648K, reserved 1048576K
Event: 293.878 GC heap after
Heap after GC invocations=20 (full 3):
 PSYoungGen      total 140800K, used 24546K [0x00000000f5580000, 0x0000000100000000, 0x0000000100000000)
  eden space 116224K, 0% used [0x00000000f5580000,0x00000000f5580000,0x00000000fc700000)
  from space 24576K, 99% used [0x00000000fca00000,0x00000000fe1f8960,0x00000000fe200000)
  to   space 30720K, 0% used [0x00000000fe200000,0x00000000fe200000,0x0000000100000000)
 ParOldGen       total 175104K, used 109950K [0x00000000e0000000, 0x00000000eab00000, 0x00000000f5580000)
  object space 175104K, 62% used [0x00000000e0000000,0x00000000e6b5f9a0,0x00000000eab00000)
 Metaspace       used 75550K, capacity 81610K, committed 81792K, reserved 1120256K
  class space    used 10299K, capacity 11546K, committed 11648K, reserved 1048576K
}
Event: 295.083 GC heap before
{Heap before GC invocations=21 (full 3):
 PSYoungGen      total 140800K, used 140767K [0x00000000f5580000, 0x0000000100000000, 0x0000000100000000)
  eden space 116224K, 99% used [0x00000000f5580000,0x00000000fc6ff330,0x00000000fc700000)
  from space 24576K, 99% used [0x00000000fca00000,0x00000000fe1f8960,0x00000000fe200000)
  to   space 30720K, 0% used [0x00000000fe200000,0x00000000fe200000,0x0000000100000000)
 ParOldGen       total 175104K, used 109950K [0x00000000e0000000, 0x00000000eab00000, 0x00000000f5580000)
  object space 175104K, 62% used [0x00000000e0000000,0x00000000e6b5f9a0,0x00000000eab00000)
 Metaspace       used 75878K, capacity 82086K, committed 82304K, reserved 1120256K
  class space    used 10336K, capacity 11614K, committed 11648K, reserved 1048576K
Event: 295.104 GC heap after
Heap after GC invocations=21 (full 3):
 PSYoungGen      total 138752K, used 3504K [0x00000000f5580000, 0x0000000100000000, 0x0000000100000000)
  eden space 108032K, 0% used [0x00000000f5580000,0x00000000f5580000,0x00000000fbf00000)
  from space 30720K, 11% used [0x00000000fe200000,0x00000000fe56c040,0x0000000100000000)
  to   space 33280K, 0% used [0x00000000fbf00000,0x00000000fbf00000,0x00000000fdf80000)
 ParOldGen       total 175104K, used 133945K [0x00000000e0000000, 0x00000000eab00000, 0x00000000f5580000)
  object space 175104K, 76% used [0x00000000e0000000,0x00000000e82ce640,0x00000000eab00000)
 Metaspace       used 75878K, capacity 82086K, committed 82304K, reserved 1120256K
  class space    used 10336K, capacity 11614K, committed 11648K, reserved 1048576K
}
Event: 3361.258 GC heap before
{Heap before GC invocations=22 (full 3):
 PSYoungGen      total 138752K, used 111536K [0x00000000f5580000, 0x0000000100000000, 0x0000000100000000)
  eden space 108032K, 100% used [0x00000000f5580000,0x00000000fbf00000,0x00000000fbf00000)
  from space 30720K, 11% used [0x00000000fe200000,0x00000000fe56c040,0x0000000100000000)
  to   space 33280K, 0% used [0x00000000fbf00000,0x00000000fbf00000,0x00000000fdf80000)
 ParOldGen       total 175104K, used 133945K [0x00000000e0000000, 0x00000000eab00000, 0x00000000f5580000)
  object space 175104K, 76% used [0x00000000e0000000,0x00000000e82ce640,0x00000000eab00000)
 Metaspace       used 76188K, capacity 82568K, committed 82816K, reserved 1120256K
  class space    used 10347K, capacity 11629K, committed 11648K, reserved 1048576K
Event: 3361.265 GC heap after
Heap after GC invocations=22 (full 3):
 PSYoungGen      total 107008K, used 1380K [0x00000000f5580000, 0x00000000ffe80000, 0x0000000100000000)
  eden space 105472K, 0% used [0x00000000f5580000,0x00000000f5580000,0x00000000fbc80000)
  from space 1536K, 89% used [0x00000000fbf00000,0x00000000fc059048,0x00000000fc080000)
  to   space 33792K, 0% used [0x00000000fdd80000,0x00000000fdd80000,0x00000000ffe80000)
 ParOldGen       total 175104K, used 135769K [0x00000000e0000000, 0x00000000eab00000, 0x00000000f5580000)
  object space 175104K, 77% used [0x00000000e0000000,0x00000000e84965f8,0x00000000eab00000)
 Metaspace       used 76188K, capacity 82568K, committed 82816K, reserved 1120256K
  class space    used 10347K, capacity 11629K, committed 11648K, reserved 1048576K
}

Deoptimization events (10 events):
Event: 300.918 Thread 0x000000001b918800 Uncommon trap: reason=class_check action=maybe_recompile pc=0x00000000049f8eb0 method=java.util.concurrent.FutureTask.run()V @ 42
Event: 300.946 Thread 0x000000001e738000 Uncommon trap: reason=unstable_if action=reinterpret pc=0x0000000003f85648 method=com.esotericsoftware.kryo.io.Input.require(I)I @ 180
Event: 3565.735 Thread 0x000000001e732000 Uncommon trap: reason=unstable_if action=reinterpret pc=0x00000000050a590c method=java.text.SimpleDateFormat.zeroPaddingNumber(IIILjava/lang/StringBuffer;)V @ 41
Event: 3565.735 Thread 0x000000001e732000 Uncommon trap: reason=unstable_if action=reinterpret pc=0x000000000515e6cc method=java.text.DecimalFormat.subformat(Ljava/lang/StringBuffer;Ljava/text/Format$FieldDelegate;ZZIIII)Ljava/lang/StringBuffer; @ 814
Event: 3568.538 Thread 0x000000001b91d000 Uncommon trap: reason=unstable_if action=reinterpret pc=0x000000000418371c method=java.io.BufferedReader.readLine(Z)Ljava/lang/String; @ 265
Event: 3636.157 Thread 0x000000001b917000 Uncommon trap: reason=bimorphic action=maybe_recompile pc=0x00000000048a3d64 method=java.util.stream.ReduceOps$ReduceOp.evaluateSequential(Ljava/util/stream/PipelineHelper;Ljava/util/Spliterator;)Ljava/lang/Object; @ 2
Event: 3640.032 Thread 0x000000001b917000 Uncommon trap: reason=bimorphic action=maybe_recompile pc=0x000000000496bc24 method=java.util.stream.ReferencePipeline.collect(Ljava/util/stream/Collector;)Ljava/lang/Object; @ 118
Event: 3640.143 Thread 0x000000001b917000 Uncommon trap: reason=bimorphic action=maybe_recompile pc=0x00000000045c9010 method=org.gradle.api.internal.attributes.DefaultImmutableAttributes.get()Ljava/lang/Object; @ 4
Event: 3642.273 Thread 0x000000001b917000 Uncommon trap: reason=class_check action=maybe_recompile pc=0x000000000499ce24 method=java.security.MessageDigest$Delegate.clone()Ljava/lang/Object; @ 4
Event: 3646.396 Thread 0x000000001b917000 Uncommon trap: reason=bimorphic action=maybe_recompile pc=0x00000000045c9010 method=org.gradle.api.internal.attributes.DefaultImmutableAttributes.get()Ljava/lang/Object; @ 4

Classes redefined (0 events):
No events

Internal exceptions (10 events):
Event: 3547.380 Thread 0x000000001e732000 Exception <a 'java/net/ConnectException': Connection refused: connect> (0x00000000f5831cf8) thrown at [C:\re\workspace\8-2-build-windows-amd64-cygwin\jdk8u231\13620\hotspot\src\share\vm\prims\jni.cpp, line 736]
Event: 3550.446 Thread 0x000000001e732000 Exception <a 'java/net/ConnectException': Connection refused: connect> (0x00000000f5837800) thrown at [C:\re\workspace\8-2-build-windows-amd64-cygwin\jdk8u231\13620\hotspot\src\share\vm\prims\jni.cpp, line 736]
Event: 3553.507 Thread 0x000000001e732000 Exception <a 'java/net/ConnectException': Connection refused: connect> (0x00000000f583d2f8) thrown at [C:\re\workspace\8-2-build-windows-amd64-cygwin\jdk8u231\13620\hotspot\src\share\vm\prims\jni.cpp, line 736]
Event: 3556.578 Thread 0x000000001e732000 Exception <a 'java/net/ConnectException': Connection refused: connect> (0x00000000f5842df0) thrown at [C:\re\workspace\8-2-build-windows-amd64-cygwin\jdk8u231\13620\hotspot\src\share\vm\prims\jni.cpp, line 736]
Event: 3559.622 Thread 0x000000001e732000 Exception <a 'java/net/ConnectException': Connection refused: connect> (0x00000000f5899b20) thrown at [C:\re\workspace\8-2-build-windows-amd64-cygwin\jdk8u231\13620\hotspot\src\share\vm\prims\jni.cpp, line 736]
Event: 3562.685 Thread 0x000000001e732000 Exception <a 'java/net/ConnectException': Connection refused: connect> (0x00000000f589f618) thrown at [C:\re\workspace\8-2-build-windows-amd64-cygwin\jdk8u231\13620\hotspot\src\share\vm\prims\jni.cpp, line 736]
Event: 3565.734 Thread 0x000000001e732000 Exception <a 'java/net/ConnectException': Connection refused: connect> (0x00000000f58b1cb0) thrown at [C:\re\workspace\8-2-build-windows-amd64-cygwin\jdk8u231\13620\hotspot\src\share\vm\prims\jni.cpp, line 736]
Event: 3642.239 Thread 0x000000001b917000 Exception <a 'sun/nio/fs/WindowsException'> (0x00000000f68aae50) thrown at [C:\re\workspace\8-2-build-windows-amd64-cygwin\jdk8u231\13620\hotspot\src\share\vm\prims\jni.cpp, line 710]
Event: 3647.842 Thread 0x000000001b917000 Implicit null exception at 0x00000000048333b2 to 0x0000000004833a66
Event: 3647.842 Thread 0x000000001b917000 Exception <a 'java/lang/NullPointerException'> (0x00000000f87fdfd8) thrown at [C:\re\workspace\8-2-build-windows-amd64-cygwin\jdk8u231\13620\hotspot\src\share\vm\runtime\sharedRuntime.cpp, line 605]

Events (10 events):
Event: 3642.275 Thread 0x000000001e736800 Thread added: 0x000000001e736800
Event: 3642.391 Thread 0x000000001b917000 DEOPT PACKING pc=0x000000000481bde5 sp=0x000000001a5e72f0
Event: 3642.391 Thread 0x000000001b917000 DEOPT UNPACKING pc=0x0000000002a67890 sp=0x000000001a5e7088 mode 0
Event: 3646.396 Thread 0x000000001b917000 Uncommon trap: trap_request=0xffffffc6 fr.pc=0x00000000045c9010
Event: 3646.396 Thread 0x000000001b917000 DEOPT PACKING pc=0x00000000045c9010 sp=0x000000001a5eafc0
Event: 3646.396 Thread 0x000000001b917000 DEOPT UNPACKING pc=0x0000000002a6583b sp=0x000000001a5eaf50 mode 2
Event: 3647.261 Executing VM operation: BulkRevokeBias
Event: 3647.261 Executing VM operation: BulkRevokeBias done
Event: 3648.594 loading class org/gradle/api/internal/artifacts/DefaultPublishArtifactSet$1
Event: 3648.594 loading class org/gradle/api/internal/artifacts/DefaultPublishArtifactSet$1 done


Dynamic libraries:
0x00007ff62d600000 - 0x00007ff62d637000 	C:\Program Files\Java\jdk1.8.0_231\bin\java.exe
0x00007ffb77370000 - 0x00007ffb77566000 	C:\WINDOWS\SYSTEM32\ntdll.dll
0x00007ffb753e0000 - 0x00007ffb7549d000 	C:\WINDOWS\System32\KERNEL32.DLL
0x00007ffb74cb0000 - 0x00007ffb74f78000 	C:\WINDOWS\System32\KERNELBASE.dll
0x00007ffb76580000 - 0x00007ffb7662a000 	C:\WINDOWS\System32\ADVAPI32.dll
0x00007ffb759c0000 - 0x00007ffb75a5e000 	C:\WINDOWS\System32\msvcrt.dll
0x00007ffb76e00000 - 0x00007ffb76e9b000 	C:\WINDOWS\System32\sechost.dll
0x00007ffb75820000 - 0x00007ffb75944000 	C:\WINDOWS\System32\RPCRT4.dll
0x00007ffb754a0000 - 0x00007ffb75640000 	C:\WINDOWS\System32\USER32.dll
0x00007ffb75380000 - 0x00007ffb753a2000 	C:\WINDOWS\System32\win32u.dll
0x00007ffb76ae0000 - 0x00007ffb76b0a000 	C:\WINDOWS\System32\GDI32.dll
0x00007ffb74f80000 - 0x00007ffb75089000 	C:\WINDOWS\System32\gdi32full.dll
0x00007ffb74ac0000 - 0x00007ffb74b5d000 	C:\WINDOWS\System32\msvcp_win.dll
0x00007ffb74b60000 - 0x00007ffb74c60000 	C:\WINDOWS\System32\ucrtbase.dll
0x00007ffb60070000 - 0x00007ffb6030b000 	C:\WINDOWS\WinSxS\amd64_microsoft.windows.common-controls_6595b64144ccf1df_6.0.19041.488_none_ca04af081b815d21\COMCTL32.dll
0x00007ffb76dd0000 - 0x00007ffb76e00000 	C:\WINDOWS\System32\IMM32.DLL
0x00000000667f0000 - 0x00000000668c2000 	C:\Program Files\Java\jdk1.8.0_231\jre\bin\msvcr100.dll
0x0000000065f40000 - 0x00000000667e6000 	C:\Program Files\Java\jdk1.8.0_231\jre\bin\server\jvm.dll
0x00007ffb756f0000 - 0x00007ffb756f8000 	C:\WINDOWS\System32\PSAPI.DLL
0x00007ffb6f990000 - 0x00007ffb6f99a000 	C:\WINDOWS\SYSTEM32\VERSION.dll
0x00007ffb72040000 - 0x00007ffb72049000 	C:\WINDOWS\SYSTEM32\WSOCK32.dll
0x00007ffb6c160000 - 0x00007ffb6c187000 	C:\WINDOWS\SYSTEM32\WINMM.dll
0x00007ffb76630000 - 0x00007ffb7669b000 	C:\WINDOWS\System32\WS2_32.dll
0x00007ffb72030000 - 0x00007ffb7203f000 	C:\Program Files\Java\jdk1.8.0_231\jre\bin\verify.dll
0x00007ffb6cc70000 - 0x00007ffb6cc99000 	C:\Program Files\Java\jdk1.8.0_231\jre\bin\java.dll
0x00007ffb6cd20000 - 0x00007ffb6cd36000 	C:\Program Files\Java\jdk1.8.0_231\jre\bin\zip.dll
0x00007ffb75a60000 - 0x00007ffb761a0000 	C:\WINDOWS\System32\SHELL32.dll
0x00007ffb728b0000 - 0x00007ffb73044000 	C:\WINDOWS\SYSTEM32\windows.storage.dll
0x00007ffb761a0000 - 0x00007ffb764f5000 	C:\WINDOWS\System32\combase.dll
0x00007ffb74460000 - 0x00007ffb7448c000 	C:\WINDOWS\SYSTEM32\Wldp.dll
0x00007ffb75640000 - 0x00007ffb756ee000 	C:\WINDOWS\System32\SHCORE.dll
0x00007ffb76d70000 - 0x00007ffb76dc5000 	C:\WINDOWS\System32\shlwapi.dll
0x00007ffb749f0000 - 0x00007ffb74a16000 	C:\WINDOWS\SYSTEM32\profapi.dll
0x00007ffb6cc50000 - 0x00007ffb6cc6a000 	C:\Program Files\Java\jdk1.8.0_231\jre\bin\net.dll
0x00007ffb741e0000 - 0x00007ffb7424a000 	C:\WINDOWS\system32\mswsock.dll
0x00007ffb6cc30000 - 0x00007ffb6cc42000 	C:\Program Files\Java\jdk1.8.0_231\jre\bin\nio.dll
0x00007ffb6cc00000 - 0x00007ffb6cc2a000 	C:\Users\mbmir\.gradle\native\36\windows-amd64\native-platform.dll
0x00007ffb6cbe0000 - 0x00007ffb6cbed000 	C:\Program Files\Java\jdk1.8.0_231\jre\bin\management.dll
0x00007ffb743c0000 - 0x00007ffb743d8000 	C:\WINDOWS\SYSTEM32\CRYPTSP.dll
0x00007ffb73b70000 - 0x00007ffb73ba4000 	C:\WINDOWS\system32\rsaenh.dll
0x00007ffb753b0000 - 0x00007ffb753d7000 	C:\WINDOWS\System32\bcrypt.dll
0x00007ffb74920000 - 0x00007ffb7494e000 	C:\WINDOWS\SYSTEM32\USERENV.dll
0x00007ffb75090000 - 0x00007ffb7510f000 	C:\WINDOWS\System32\bcryptprimitives.dll
0x00007ffb743b0000 - 0x00007ffb743bc000 	C:\WINDOWS\SYSTEM32\CRYPTBASE.dll
0x00007ffb73ed0000 - 0x00007ffb73f0b000 	C:\WINDOWS\SYSTEM32\IPHLPAPI.DLL
0x00007ffb76a40000 - 0x00007ffb76a49000 	C:\WINDOWS\System32\NSI.dll
0x00007ffb6dd10000 - 0x00007ffb6dd27000 	C:\WINDOWS\SYSTEM32\dhcpcsvc6.DLL
0x00007ffb6dcf0000 - 0x00007ffb6dd0d000 	C:\WINDOWS\SYSTEM32\dhcpcsvc.DLL
0x00007ffb73f10000 - 0x00007ffb73fdb000 	C:\WINDOWS\SYSTEM32\DNSAPI.dll
0x00007ffb3aa10000 - 0x00007ffb3abaa000 	C:\Program Files\Java\jdk1.8.0_231\jre\bin\awt.dll
0x00007ffb76ca0000 - 0x00007ffb76d6d000 	C:\WINDOWS\System32\OLEAUT32.dll
0x00007ffb6cef0000 - 0x00007ffb6cf80000 	C:\WINDOWS\SYSTEM32\apphelp.dll
0x00007ffb72210000 - 0x00007ffb722af000 	C:\WINDOWS\system32\uxtheme.dll
0x00007ffb75700000 - 0x00007ffb75815000 	C:\WINDOWS\System32\MSCTF.dll
0x00007ffb76b10000 - 0x00007ffb76c3a000 	C:\WINDOWS\System32\ole32.dll
0x00007ffb737b0000 - 0x00007ffb737c2000 	C:\WINDOWS\SYSTEM32\kernel.appcore.dll

VM Arguments:
jvm_args: -XX:MaxMetaspaceSize=256m -XX:+HeapDumpOnOutOfMemoryError -Xms256m -Xmx512m -Dfile.encoding=windows-1252 -Duser.country=BR -Duser.language=pt -Duser.variant 
java_command: org.gradle.launcher.daemon.bootstrap.GradleDaemon 6.2
java_class_path (initial): C:\Users\mbmir\.gradle\wrapper\dists\gradle-6.2-all\dvufqs6kielxeao781pmk5huj\gradle-6.2\lib\gradle-launcher-6.2.jar
Launcher Type: SUN_STANDARD

Environment Variables:
JAVA_HOME=C:\Program Files\Java\jdk1.8.0_231
CLASSPATH=C:\Users\mbmir\OneDrive\Documentos\web e mobile\mobile\Finans\android\\gradle\wrapper\gradle-wrapper.jar
PATH=C:\Users\mbmir\OneDrive\Documentos\web e mobile\mobile\Finans\android\node_modules\.bin;C:\Users\mbmir\OneDrive\Documentos\web e mobile\mobile\Finans\node_modules\.bin;C:\Users\mbmir\OneDrive\Documentos\web e mobile\mobile\node_modules\.bin;C:\Users\mbmir\OneDrive\Documentos\web e mobile\node_modules\.bin;C:\Users\mbmir\OneDrive\Documentos\node_modules\.bin;C:\Users\mbmir\OneDrive\node_modules\.bin;C:\Users\mbmir\node_modules\.bin;C:\Users\node_modules\.bin;C:\node_modules\.bin;C:\Program Files\nodejs;C:\Python27\;C:\Python27\Scripts;C:\WINDOWS\system32;C:\WINDOWS;C:\WINDOWS\System32\Wbem;C:\WINDOWS\System32\WindowsPowerShell\v1.0\;C:\WINDOWS\System32\OpenSSH\;C:\ProgramData\chocolatey\bin;C:\Program Files\Java\jdk1.8.0_231\bin;C:\Program Files (x86)\Yarn\bin\;C:\Users\mbmir\AppData\Local\Android\Sdk\platform-tools;C:\Program Files\Git\cmd;C:\Program Files\nodejs\;C:\Program Files\dotnet\;C:\Users\mbmir\AppData\Local\Microsoft\WindowsApps;C:\Users\mbmir\AppData\Local\Programs\Microsoft VS Code\bin;C:\Users\mbmir\AppData\Local\Yarn\bin;C:\src\flutter\bin;C:\Users\mbmir\AppData\Local\GitHubDesktop\bin;C:\Users\mbmir\AppData\Roaming\npm;C:\Users\mbmir\.dotnet\tools;C:\Users\mbmir\AppData\Local\Microsoft\WindowsApps;
USERNAME=mbmir
OS=Windows_NT
PROCESSOR_IDENTIFIER=Intel64 Family 6 Model 142 Stepping 12, GenuineIntel



---------------  S Y S T E M  ---------------

OS: Windows 10.0 , 64 bit Build 19041 (10.0.19041.546)

CPU:total 8 (initial active 8) (4 cores per cpu, 2 threads per core) family 6 model 142 stepping 12, cmov, cx8, fxsr, mmx, sse, sse2, sse3, ssse3, sse4.1, sse4.2, popcnt, avx, avx2, aes, clmul, erms, 3dnowpref, lzcnt, ht, tsc, tscinvbit, bmi1, bmi2, adx

Memory: 4k page, physical 8264948k(462176k free), swap 8264948k(5228k free)

vm_info: Java HotSpot(TM) 64-Bit Server VM (25.231-b11) for windows-amd64 JRE (1.8.0_231-b11), built on Oct  5 2019 03:11:30 by "java_re" with MS VC++ 10.0 (VS2010)

time: Mon Oct 19 21:02:02 2020
timezone: Hora Padrão de Buenos Aires
elapsed time: 3648 seconds (0d 1h 0m 48s)

